<?xml version="1.0" encoding="UTF-8"?>
<testng-results ignored="0" total="1" passed="1" failed="0" skipped="0">
  <reporter-output>
  </reporter-output>
  <suite started-at="2021-09-04T08:54:41 IST" name="Suite" finished-at="2021-09-04T08:55:08 IST" duration-ms="26550">
    <groups>
    </groups>
    <test started-at="2021-09-04T08:54:41 IST" name="Test" finished-at="2021-09-04T08:55:08 IST" duration-ms="26550">
      <class name="selenium.DevOpsMorning.RegisterDemo">
        <test-method is-config="true" signature="launchApplication()[pri:0, instance:selenium.DevOpsMorning.RegisterDemo@2f177a4b]" started-at="2021-09-04T08:54:41 IST" name="launchApplication" finished-at="2021-09-04T08:55:07 IST" duration-ms="26061" status="PASS">
          <reporter-output>
          </reporter-output>
        </test-method> <!-- launchApplication -->
        <test-method signature="registerDemo()[pri:0, instance:selenium.DevOpsMorning.RegisterDemo@2f177a4b]" started-at="2021-09-04T08:55:07 IST" name="registerDemo" finished-at="2021-09-04T08:55:07 IST" duration-ms="15" status="PASS">
          <reporter-output>
          </reporter-output>
        </test-method> <!-- registerDemo -->
        <test-method is-config="true" signature="closeApplication()[pri:0, instance:selenium.DevOpsMorning.RegisterDemo@2f177a4b]" started-at="2021-09-04T08:55:07 IST" name="closeApplication" finished-at="2021-09-04T08:55:08 IST" duration-ms="380" status="PASS">
          <reporter-output>
          </reporter-output>
        </test-method> <!-- closeApplication -->
      </class> <!-- selenium.DevOpsMorning.RegisterDemo -->
    </test> <!-- Test -->
  </suite> <!-- Suite -->
</testng-results>
